<?xml version="1.0" encoding="UTF-8"?>
<!-- Generated by org.testng.reporters.JUnitXMLReporter -->
<testsuite ignored="0" hostname="sinl241943m" failures="1" tests="1" name="Command line test" time="5.204" errors="0" timestamp="2020-09-02T12:29:58 IST">
  <testcase classname="CA.TestRunner" name="testParallel" time="5.178">
    <failure type="java.lang.AssertionError" message="failed features:
CA.Features.E2E.DplayNorwayWithModular: -unknown-:8 - 
Dynamodb.feature:54 - javascript evaluation failed: temp == Param_ExpectedItemCount, ReferenceError: &amp;quot;Param_ExpectedItemCount&amp;quot; is not defined in &amp;lt;eval&amp;gt; at line number 1
">
      <![CDATA[java.lang.AssertionError: failed features:
CA.Features.E2E.DplayNorwayWithModular: -unknown-:8 - 
Dynamodb.feature:54 - javascript evaluation failed: temp == Param_ExpectedItemCount, ReferenceError: "Param_ExpectedItemCount" is not defined in <eval> at line number 1

at CA.TestRunner.testParallel(TestRunner.java:37)
at java.base/java.util.ArrayList.forEach(ArrayList.java:1511)
... Removed 38 stack frames]]>
    </failure>
  </testcase> <!-- testParallel -->
</testsuite> <!-- Command line test -->
